<?xml version="1.0" encoding="UTF-8"?>
<testng-results skipped="0" failed="0" ignored="1" total="2" passed="1">
  <reporter-output>
  </reporter-output>
  <suite name="Default suite" duration-ms="2327" started-at="2018-10-25T16:22:13Z" finished-at="2018-10-25T16:22:15Z">
    <groups>
    </groups>
    <test name="Default test" duration-ms="2327" started-at="2018-10-25T16:22:13Z" finished-at="2018-10-25T16:22:15Z">
      <class name="auth.JWT_Auth">
        <test-method status="PASS" signature="getAllModuleTest()[pri:0, instance:auth.JWT_Auth@62c1259f]" name="getAllModuleTest" duration-ms="2305" started-at="2018-10-25T16:22:13Z" finished-at="2018-10-25T16:22:15Z">
          <reporter-output>
          </reporter-output>
        </test-method> <!-- getAllModuleTest -->
      </class> <!-- auth.JWT_Auth -->
    </test> <!-- Default test -->
  </suite> <!-- Default suite -->
</testng-results>
